[2016-08-10 20:48:50.240] [INFO] exp - ReferenceError: context is not defined
    at CallAction.co.then (E:\Work\ChipCoo\chipnode\controller.js:118:25)
[2016-08-10 20:50:55.985] [INFO] exp - ReferenceError: context is not defined
    at CallAction.co.then (E:\Work\ChipCoo\chipnode\controller.js:119:25)
[2016-08-10 20:51:21.050] [INFO] exp - TypeError: Cannot read property 'context' of undefined
    at CallAction.co.then (E:\Work\ChipCoo\chipnode\controller.js:119:29)
[2016-08-10 20:51:39.482] [INFO] exp - TypeError: Cannot read property 'context' of undefined
    at CallAction.co.then (E:\Work\ChipCoo\chipnode\controller.js:119:29)
[2016-08-10 20:51:40.883] [INFO] exp - TypeError: Cannot read property 'context' of undefined
    at CallAction.co.then (E:\Work\ChipCoo\chipnode\controller.js:119:29)
[2016-08-10 20:51:42.217] [INFO] exp - TypeError: Cannot read property 'context' of undefined
    at CallAction.co.then (E:\Work\ChipCoo\chipnode\controller.js:119:29)
[2016-08-10 20:52:54.026] [INFO] exp - TypeError: Cannot read property 'context' of undefined
    at CallAction.co.then (E:\Work\ChipCoo\chipnode\controller.js:120:29)
[2016-08-10 20:53:09.149] [INFO] exp - TypeError: Cannot read property 'context' of undefined
    at CallAction.co.then (E:\Work\ChipCoo\chipnode\controller.js:120:29)
[2016-08-10 20:54:08.089] [INFO] exp - TypeError: Cannot read property 'context' of undefined
    at CallAction.co.then (E:\Work\ChipCoo\chipnode\controller.js:120:29)
[2016-08-10 20:54:11.649] [INFO] exp - TypeError: Cannot read property 'context' of undefined
    at CallAction.co.then (E:\Work\ChipCoo\chipnode\controller.js:120:29)
[2016-08-10 20:54:22.738] [INFO] exp - TypeError: Cannot read property 'context' of undefined
    at CallAction.co.then (E:\Work\ChipCoo\chipnode\controller.js:120:29)
[2016-08-10 20:55:24.150] [INFO] exp - TypeError: Cannot read property 'code' of undefined
    at CallAction.co.then (E:\Work\ChipCoo\chipnode\controller.js:120:35)
[2016-08-10 20:55:25.250] [INFO] exp - TypeError: Cannot read property 'code' of undefined
    at CallAction.co.then (E:\Work\ChipCoo\chipnode\controller.js:120:35)
[2016-08-10 20:55:27.177] [INFO] exp - TypeError: Cannot read property 'code' of undefined
    at CallAction.co.then (E:\Work\ChipCoo\chipnode\controller.js:120:35)
[2016-08-10 20:55:28.333] [INFO] exp - TypeError: Cannot read property 'code' of undefined
    at CallAction.co.then (E:\Work\ChipCoo\chipnode\controller.js:120:35)
[2016-08-10 20:55:57.364] [INFO] exp - TypeError: Cannot read property 'code' of undefined
    at CallAction.co.then (E:\Work\ChipCoo\chipnode\controller.js:121:35)
[2016-08-10 20:56:43.649] [INFO] exp - TypeError: Cannot read property 'code' of undefined
    at CallAction.co.then (E:\Work\ChipCoo\chipnode\controller.js:121:35)
[2016-08-10 20:57:29.688] [INFO] exp - Error: Can't set headers after they are sent.
    at ServerResponse.OutgoingMessage.setHeader (_http_outgoing.js:346:11)
    at ServerResponse.header (E:\Work\ChipCoo\chipnode\node_modules\express\lib\response.js:719:10)
    at ServerResponse.json (E:\Work\ChipCoo\chipnode\node_modules\express\lib\response.js:247:10)
    at CallAction.co.then (E:\Work\ChipCoo\chipnode\controller.js:120:29)
[2016-08-10 20:57:37.259] [INFO] exp - Error: Can't set headers after they are sent.
    at ServerResponse.OutgoingMessage.setHeader (_http_outgoing.js:346:11)
    at ServerResponse.header (E:\Work\ChipCoo\chipnode\node_modules\express\lib\response.js:719:10)
    at ServerResponse.json (E:\Work\ChipCoo\chipnode\node_modules\express\lib\response.js:247:10)
    at CallAction.co.then (E:\Work\ChipCoo\chipnode\controller.js:120:29)
[2016-08-10 20:57:54.637] [INFO] exp - Error: Can't set headers after they are sent.
    at ServerResponse.OutgoingMessage.setHeader (_http_outgoing.js:346:11)
    at ServerResponse.header (E:\Work\ChipCoo\chipnode\node_modules\express\lib\response.js:719:10)
    at ServerResponse.json (E:\Work\ChipCoo\chipnode\node_modules\express\lib\response.js:247:10)
    at CallAction.co.then (E:\Work\ChipCoo\chipnode\controller.js:120:29)
[2016-08-10 20:57:56.011] [INFO] exp - Error: Can't set headers after they are sent.
    at ServerResponse.OutgoingMessage.setHeader (_http_outgoing.js:346:11)
    at ServerResponse.header (E:\Work\ChipCoo\chipnode\node_modules\express\lib\response.js:719:10)
    at ServerResponse.json (E:\Work\ChipCoo\chipnode\node_modules\express\lib\response.js:247:10)
    at CallAction.co.then (E:\Work\ChipCoo\chipnode\controller.js:120:29)
[2016-08-10 20:59:50.854] [INFO] exp - 0
[2016-08-10 20:59:54.677] [INFO] exp - 0
[2016-08-10 21:00:32.137] [INFO] exp - 0
[2016-08-10 21:00:34.274] [INFO] exp - 0
[2016-08-10 21:01:02.545] [INFO] exp - 0
[2016-08-10 21:01:17.026] [INFO] exp - 0
[2016-08-10 21:01:19.065] [INFO] exp - 0
[2016-08-10 21:01:20.053] [INFO] exp - 0
[2016-08-10 21:02:02.143] [INFO] exp - 0
[2016-08-10 21:03:49.744] [INFO] exp - 0
