[2016-08-10 15:31:21.416] [INFO] request - done123....
[2016-08-10 15:33:24.345] [INFO] request - def
[2016-08-10 15:53:21.268] [INFO] request - passport.def
[2016-08-10 15:57:28.602] [INFO] request - passport.def
[2016-08-10 15:57:29.454] [INFO] request - passport.def
[2016-08-10 15:57:29.917] [INFO] request - passport.def
[2016-08-10 15:57:30.109] [INFO] request - passport.def
[2016-08-10 15:57:30.627] [INFO] request - passport.def
[2016-08-10 15:58:30.643] [INFO] request - passport.def
[2016-08-10 15:58:32.142] [INFO] request - passport.def
[2016-08-10 15:58:44.482] [INFO] request - passport.def
[2016-08-10 15:58:48.494] [INFO] request - passport.def
[2016-08-10 16:01:36.235] [INFO] request - passport.def
[2016-08-10 16:01:39.476] [INFO] request - passport.def
[2016-08-10 16:10:11.635] [INFO] request - passport.def[get]
[2016-08-10 16:10:26.436] [INFO] request - passport.def [get]
[2016-08-10 16:18:14.972] [INFO] request - passport.def [get]
[2016-08-10 16:18:16.591] [INFO] request - passport.def [get]
[2016-08-10 16:18:17.151] [INFO] request - passport.def [get]
[2016-08-10 16:18:17.357] [INFO] request - passport.def [get]
[2016-08-10 16:18:17.743] [INFO] request - passport.def [get]
[2016-08-10 16:27:22.619] [INFO] request - passport.def [get]
[2016-08-10 16:27:23.415] [INFO] request - passport.def [get]
[2016-08-10 16:27:23.605] [INFO] request - passport.def [get]
[2016-08-10 16:27:23.797] [INFO] request - passport.def [get]
[2016-08-10 16:27:23.999] [INFO] request - passport.def [get]
[2016-08-10 16:27:24.413] [INFO] request - passport.def [get]
[2016-08-10 16:29:59.492] [INFO] request - passport.def [get]
[2016-08-10 16:30:00.062] [INFO] request - passport.def [get]
[2016-08-10 16:30:00.237] [INFO] request - passport.def [get]
[2016-08-10 16:33:14.509] [INFO] request - passport.def [get]
[2016-08-10 16:33:15.336] [INFO] request - passport.def [get]
[2016-08-10 16:33:16.692] [INFO] request - passport.def [get]
[2016-08-10 16:33:18.509] [INFO] request - passport.def [get]
[2016-08-10 16:33:34.918] [INFO] request - passport.def [get]
[2016-08-10 16:33:55.847] [INFO] request - passport.def [get]
[2016-08-10 16:34:00.103] [INFO] request - passport.def [get]
[2016-08-10 16:34:58.987] [INFO] request - passport.def [get]
[2016-08-10 16:35:01.375] [INFO] request - passport.def [get]
[2016-08-10 16:35:02.239] [INFO] request - passport.def [get]
[2016-08-10 16:35:03.164] [INFO] request - passport.def [get]
[2016-08-10 16:36:10.559] [INFO] request - passport.def [get]
[2016-08-10 16:36:11.422] [INFO] request - passport.def [get]
[2016-08-10 16:36:11.992] [INFO] request - passport.def [get]
[2016-08-10 16:37:12.420] [INFO] request - passport.def [get]
[2016-08-10 16:37:14.633] [INFO] request - passport.def [get]
[2016-08-10 16:37:15.604] [INFO] request - passport.def [get]
[2016-08-10 16:37:53.596] [INFO] request - passport.def [get]
[2016-08-10 16:38:30.045] [INFO] request - passport.def [get]
[2016-08-10 16:38:38.725] [INFO] request - passport.def [get]
[2016-08-10 16:41:29.765] [INFO] request - passport.def [get]
[2016-08-10 16:43:13.621] [INFO] request - passport.def [get]
[2016-08-10 16:43:20.424] [INFO] request - passport.def [get]
[2016-08-10 16:44:25.061] [INFO] request - passport.def [get]
[2016-08-10 16:44:25.760] [INFO] request - passport.def [get]
[2016-08-10 16:44:26.272] [INFO] request - passport.def [get]
[2016-08-10 16:44:27.012] [INFO] request - passport.def [get]
[2016-08-10 16:44:27.743] [INFO] request - passport.def [get]
[2016-08-10 16:44:33.829] [INFO] request - passport.def [get]
[2016-08-10 16:45:30.885] [INFO] request - passport.def [get]
[2016-08-10 16:45:32.592] [INFO] request - passport.def [get]
[2016-08-10 16:45:49.611] [INFO] request - passport.def [get]
[2016-08-10 16:46:50.822] [INFO] request - passport.def [get]
[2016-08-10 16:48:47.469] [INFO] request - passport.def [get]
[2016-08-10 16:48:48.033] [INFO] request - passport.def [get]
[2016-08-10 16:48:53.143] [INFO] request - passport.def [get]
[2016-08-10 16:49:30.029] [INFO] request - passport.def [get]
[2016-08-10 16:49:30.814] [INFO] request - passport.def [get]
[2016-08-10 16:52:30.447] [INFO] request - passport.def [get]
[2016-08-10 16:52:31.785] [INFO] request - passport.def [get]
[2016-08-10 16:52:34.654] [INFO] request - passport.def [get]
[2016-08-10 16:52:35.453] [INFO] request - passport.def [get]
[2016-08-10 16:52:50.513] [INFO] request - passport.def [get]
[2016-08-10 16:53:24.473] [INFO] request - passport.def [get]
[2016-08-10 16:54:08.078] [INFO] request - passport.def [get]
[2016-08-10 16:54:09.169] [INFO] request - passport.def [get]
[2016-08-10 16:54:11.032] [INFO] request - passport.def [get]
[2016-08-10 16:54:12.632] [INFO] request - passport.def [get]
[2016-08-10 16:54:20.687] [INFO] request - passport.def [get]
[2016-08-10 16:54:48.589] [INFO] request - passport.def [get]
[2016-08-10 16:55:04.861] [INFO] request - passport.def [get]
[2016-08-10 16:55:06.231] [INFO] request - passport.def [get]
[2016-08-10 16:55:09.223] [INFO] request - passport.def [get]
[2016-08-10 16:59:32.640] [INFO] request - passport.def [get]
[2016-08-10 16:59:35.576] [INFO] request - passport.def [get]
[2016-08-10 16:59:42.854] [INFO] request - passport.def [get]
[2016-08-10 16:59:45.737] [INFO] request - passport.def [get]
[2016-08-10 16:59:47.310] [INFO] request - passport.def [get]
[2016-08-10 16:59:49.305] [INFO] request - passport.def [get]
[2016-08-10 17:01:31.889] [INFO] request - passport.def [get]
[2016-08-10 17:18:08.159] [INFO] request - passport.def [get]
[2016-08-10 17:18:13.994] [INFO] request - passport.def [get]
[2016-08-10 17:19:38.903] [INFO] request - passport.def [get]
[2016-08-10 17:20:11.889] [INFO] request - passport.def [get]
[2016-08-10 17:52:36.042] [INFO] request - passport.def [get]
[2016-08-10 17:52:38.605] [INFO] request - passport.def [get]
[2016-08-10 17:53:50.787] [INFO] request - passport.def [get]
[2016-08-10 17:54:55.619] [INFO] request - passport.def [get]
[2016-08-10 17:55:50.490] [INFO] request - passport.def [get]
[2016-08-10 17:55:52.718] [INFO] request - passport.def [get]
[2016-08-10 17:55:53.741] [INFO] request - passport.def [get]
[2016-08-10 17:55:54.873] [INFO] request - passport.def [get]
[2016-08-10 17:55:55.790] [INFO] request - passport.def [get]
[2016-08-10 17:55:56.532] [INFO] request - passport.def [get]
[2016-08-10 17:55:56.716] [INFO] request - passport.def [get]
[2016-08-10 17:57:01.475] [INFO] request - passport.def [get]
[2016-08-10 18:06:42.282] [INFO] request - passport.def [get]
[2016-08-10 18:06:43.626] [INFO] request - passport.def [get]
[2016-08-10 18:12:03.310] [INFO] request - passport.def [get]
[2016-08-10 18:12:04.767] [INFO] request - passport.def [get]
[2016-08-10 18:12:05.309] [INFO] request - passport.def [get]
[2016-08-10 18:12:05.525] [INFO] request - passport.def [get]
[2016-08-10 18:12:10.725] [INFO] request - passport.def [get]
[2016-08-10 18:13:35.604] [INFO] request - passport.def [get]
[2016-08-10 18:14:56.907] [INFO] request - passport.def [get]
[2016-08-10 18:14:58.700] [INFO] request - passport.def [get]
[2016-08-10 18:14:59.430] [INFO] request - passport.def [get]
[2016-08-10 18:14:59.651] [INFO] request - passport.def [get]
[2016-08-10 18:15:00.711] [INFO] request - passport.def [get]
[2016-08-10 18:15:01.542] [INFO] request - passport.def [get]
[2016-08-10 18:15:01.739] [INFO] request - passport.def [get]
[2016-08-10 18:15:01.942] [INFO] request - passport.def [get]
[2016-08-10 18:15:02.177] [INFO] request - passport.def [get]
[2016-08-10 18:16:32.492] [INFO] request - passport.def [get]
[2016-08-10 18:16:33.655] [INFO] request - passport.def [get]
[2016-08-10 18:16:34.614] [INFO] request - passport.def [get]
[2016-08-10 18:16:35.390] [INFO] request - passport.def [get]
[2016-08-10 18:20:46.111] [INFO] request - passport.def [get]
[2016-08-10 18:20:50.079] [INFO] request - passport.def [get]
[2016-08-10 18:20:52.855] [INFO] request - passport.def [get]
[2016-08-10 18:20:53.766] [INFO] request - passport.def [get]
[2016-08-10 18:21:15.373] [INFO] request - passport.def [get]
[2016-08-10 18:21:18.239] [INFO] request - passport.def [get]
[2016-08-10 18:22:02.908] [INFO] request - passport.def [get]
[2016-08-10 18:22:05.092] [INFO] request - passport.def [get]
[2016-08-10 18:22:06.208] [INFO] request - passport.def [get]
[2016-08-10 18:23:07.830] [INFO] request - passport.def [get]
[2016-08-10 18:23:19.828] [INFO] request - passport.def [get]
[2016-08-10 18:23:21.443] [INFO] request - passport.def [get]
[2016-08-10 18:23:23.411] [INFO] request - passport.def [get]
[2016-08-10 18:23:40.995] [INFO] request - passport.def [get]
[2016-08-10 18:23:42.007] [INFO] request - passport.def [get]
[2016-08-10 18:23:42.894] [INFO] request - passport.def [get]
[2016-08-10 18:25:06.022] [INFO] request - passport.def [get]
[2016-08-10 18:25:09.220] [INFO] request - passport.def [get]
[2016-08-10 18:25:09.900] [INFO] request - passport.def [get]
[2016-08-10 18:25:10.583] [INFO] request - passport.def [get]
[2016-08-10 18:25:11.494] [INFO] request - passport.def [get]
[2016-08-10 18:25:12.052] [INFO] request - passport.def [get]
[2016-08-10 18:25:30.335] [INFO] request - passport.def [get]
[2016-08-10 18:25:32.403] [INFO] request - passport.def [get]
[2016-08-10 18:25:33.559] [INFO] request - passport.def [get]
[2016-08-10 18:25:37.719] [INFO] request - passport.def [get]
[2016-08-10 18:25:39.311] [INFO] request - passport.def [get]
[2016-08-10 18:25:41.820] [INFO] request - passport.def [get]
[2016-08-10 18:25:42.750] [INFO] request - passport.def [get]
[2016-08-10 18:25:43.387] [INFO] request - passport.def [get]
[2016-08-10 18:25:43.636] [INFO] request - passport.def [get]
[2016-08-10 18:26:19.853] [INFO] request - passport.def [get]
[2016-08-10 18:26:21.495] [INFO] request - passport.def [get]
[2016-08-10 18:26:22.214] [INFO] request - passport.def [get]
[2016-08-10 18:26:33.959] [INFO] request - passport.def [get]
[2016-08-10 18:26:43.463] [INFO] request - passport.def [get]
[2016-08-10 18:26:44.724] [INFO] request - passport.def [get]
[2016-08-10 18:26:45.655] [INFO] request - passport.def [get]
[2016-08-10 18:33:33.420] [INFO] request - passport.def [get]
[2016-08-10 18:34:08.387] [INFO] request - passport.def [get]
[2016-08-10 18:34:11.290] [INFO] request - passport.def [get]
[2016-08-10 18:34:12.448] [INFO] request - passport.def [get]
[2016-08-10 18:34:49.291] [INFO] request - passport.def [get]
[2016-08-10 18:34:50.927] [INFO] request - passport.def [get]
[2016-08-10 18:34:51.743] [INFO] request - passport.def [get]
[2016-08-10 18:36:04.175] [INFO] request - passport.def [get]
[2016-08-10 18:36:30.183] [INFO] request - passport.def [get]
[2016-08-10 18:36:32.801] [INFO] request - passport.def [get]
[2016-08-10 18:36:46.414] [INFO] request - passport.def [get]
[2016-08-10 18:36:51.673] [INFO] request - passport.def [get]
[2016-08-10 18:37:17.170] [INFO] request - passport.def [get]
[2016-08-10 18:37:21.208] [INFO] request - passport.def [get]
[2016-08-10 18:37:54.735] [INFO] request - passport.def [get]
[2016-08-10 18:38:14.762] [INFO] request - passport.def [get]
[2016-08-10 18:38:18.320] [INFO] request - passport.def [get]
[2016-08-10 18:38:23.022] [INFO] request - passport.def [get]
[2016-08-10 18:38:30.397] [INFO] request - passport.def [get]
[2016-08-10 18:38:31.960] [INFO] request - passport.def [get]
[2016-08-10 18:38:47.598] [INFO] request - passport.def [get]
[2016-08-10 18:40:47.604] [INFO] request - passport.def [get]
[2016-08-10 18:46:04.857] [INFO] request - passport.def [get]
[2016-08-10 18:53:33.673] [INFO] request - passport.def [get]
[2016-08-10 18:53:50.007] [INFO] request - passport.def [get]
[2016-08-10 18:55:00.660] [INFO] request - passport.def [get]
[2016-08-10 18:55:20.571] [INFO] request - passport.def [get]
[2016-08-10 18:55:23.961] [INFO] request - passport.def [get]
[2016-08-10 18:55:27.116] [INFO] request - passport.def [get]
[2016-08-10 18:55:28.177] [INFO] request - passport.def [get]
[2016-08-10 18:55:29.048] [INFO] request - passport.def [get]
[2016-08-10 18:55:44.926] [INFO] request - passport.def [get]
[2016-08-10 18:55:59.406] [INFO] request - passport.def [get]
[2016-08-10 18:56:03.874] [INFO] request - passport.def [get]
[2016-08-10 18:56:23.929] [INFO] request - passport.def [get]
[2016-08-10 18:56:44.121] [INFO] request - passport.def [get]
[2016-08-10 18:56:59.120] [INFO] request - passport.def [get]
[2016-08-10 18:57:00.065] [INFO] request - passport.def [get]
[2016-08-10 18:57:00.664] [INFO] request - passport.def [get]
[2016-08-10 18:57:03.752] [INFO] request - passport.def [get]
[2016-08-10 18:57:35.511] [INFO] request - passport.def [get]
[2016-08-10 18:57:43.929] [INFO] request - passport.def [get]
[2016-08-10 18:58:22.543] [INFO] request - passport.def [get]
[2016-08-10 18:58:35.856] [INFO] request - passport.def [get]
[2016-08-10 18:58:37.249] [INFO] request - passport.def [get]
[2016-08-10 18:58:47.076] [INFO] request - passport.def [get]
[2016-08-10 18:58:57.511] [INFO] request - passport.def [get]
[2016-08-10 18:59:49.341] [INFO] request - passport.def [get]
[2016-08-10 18:59:51.345] [INFO] request - passport.def [get]
[2016-08-10 18:59:52.493] [INFO] request - passport.def [get]
[2016-08-10 18:59:53.093] [INFO] request - passport.def [get]
[2016-08-10 18:59:59.521] [INFO] request - passport.def [get]
[2016-08-10 19:00:00.273] [INFO] request - passport.def [get]
[2016-08-10 19:00:09.705] [INFO] request - passport.def [get]
[2016-08-10 19:00:16.090] [INFO] request - passport.def [get]
[2016-08-10 19:00:17.280] [INFO] request - passport.def [get]
[2016-08-10 19:00:18.146] [INFO] request - passport.def [get]
[2016-08-10 19:00:20.614] [INFO] request - passport.def [get]
[2016-08-10 19:00:28.404] [INFO] request - passport.def [get]
[2016-08-10 19:00:29.583] [INFO] request - passport.def [get]
[2016-08-10 19:00:30.161] [INFO] request - passport.def [get]
[2016-08-10 19:00:38.120] [INFO] request - passport.def [get]
[2016-08-10 19:00:57.850] [INFO] request - passport.def [get]
[2016-08-10 19:02:57.856] [INFO] request - passport.def [get]
[2016-08-10 19:05:08.202] [INFO] request - passport.def [get]
[2016-08-10 19:05:50.130] [INFO] request - passport.def [get]
[2016-08-10 19:05:54.956] [INFO] request - passport.def [get]
[2016-08-10 19:06:22.436] [INFO] request - passport.def [get]
[2016-08-10 19:06:27.955] [INFO] request - passport.def [get]
[2016-08-10 19:06:44.033] [INFO] request - passport.def [get]
[2016-08-10 19:07:05.619] [INFO] request - passport.def [get]
[2016-08-10 19:07:31.302] [INFO] request - passport.def [get]
[2016-08-10 19:07:54.106] [INFO] request - passport.def [get]
[2016-08-10 19:07:55.137] [INFO] request - passport.def [get]
[2016-08-10 19:07:55.649] [INFO] request - passport.def [get]
[2016-08-10 19:33:48.767] [INFO] request - passport.def [get]
[2016-08-10 19:33:51.487] [INFO] request - passport.def [get]
[2016-08-10 19:33:53.970] [INFO] request - passport.def [get]
[2016-08-10 19:34:15.450] [INFO] request - passport.def [get]
[2016-08-10 19:34:17.488] [INFO] request - passport.def [get]
[2016-08-10 19:34:18.138] [INFO] request - passport.def [get]
[2016-08-10 19:34:18.562] [INFO] request - passport.def [get]
[2016-08-10 19:34:18.739] [INFO] request - passport.def [get]
[2016-08-10 19:34:18.914] [INFO] request - passport.def [get]
[2016-08-10 19:34:19.083] [INFO] request - passport.def [get]
[2016-08-10 19:34:19.256] [INFO] request - passport.def [get]
[2016-08-10 19:34:19.438] [INFO] request - passport.def [get]
[2016-08-10 19:34:19.618] [INFO] request - passport.def [get]
[2016-08-10 19:34:19.793] [INFO] request - passport.def [get]
[2016-08-10 19:34:19.986] [INFO] request - passport.def [get]
[2016-08-10 19:34:20.175] [INFO] request - passport.def [get]
[2016-08-10 19:34:20.370] [INFO] request - passport.def [get]
[2016-08-10 19:34:20.556] [INFO] request - passport.def [get]
[2016-08-10 19:34:20.747] [INFO] request - passport.def [get]
[2016-08-10 19:34:20.939] [INFO] request - passport.def [get]
[2016-08-10 19:34:21.131] [INFO] request - passport.def [get]
[2016-08-10 19:34:21.346] [INFO] request - passport.def [get]
[2016-08-10 19:34:37.041] [INFO] request - passport.def [get]
[2016-08-10 19:35:05.812] [INFO] request - passport.def [get]
[2016-08-10 19:35:10.408] [INFO] request - passport.def [get]
[2016-08-10 19:35:24.928] [INFO] request - passport.def [get]
[2016-08-10 19:35:26.692] [INFO] request - passport.def [get]
[2016-08-10 19:35:27.327] [INFO] request - passport.def [get]
[2016-08-10 19:35:27.523] [INFO] request - passport.def [get]
[2016-08-10 19:35:27.728] [INFO] request - passport.def [get]
[2016-08-10 19:35:27.938] [INFO] request - passport.def [get]
[2016-08-10 19:43:03.706] [INFO] request - passport.def [get]
[2016-08-10 19:44:09.228] [INFO] request - passport.def [get]
[2016-08-10 19:44:55.448] [INFO] request - passport.def [get]
[2016-08-10 19:45:36.394] [INFO] request - passport.def [get]
[2016-08-10 19:45:40.205] [INFO] request - passport.def [get]
[2016-08-10 19:47:06.572] [INFO] request - passport.def [get]
[2016-08-10 19:47:15.087] [INFO] request - passport.def [get]
[2016-08-10 19:47:16.341] [INFO] request - passport.def [get]
[2016-08-10 19:47:17.123] [INFO] request - passport.def [get]
[2016-08-10 19:47:17.312] [INFO] request - passport.def [get]
[2016-08-10 19:47:23.597] [INFO] request - passport.def [get]
[2016-08-10 19:54:07.445] [INFO] request - passport.def [get]
[2016-08-10 19:54:45.433] [INFO] request - passport.def [get]
[2016-08-10 19:55:03.727] [INFO] request - passport.def [get]
[2016-08-10 19:56:17.254] [INFO] request - passport.def [get]
[2016-08-10 19:56:19.085] [INFO] request - passport.def [get]
[2016-08-10 19:57:05.236] [INFO] request - passport.def [get]
[2016-08-10 19:57:06.221] [INFO] request - passport.def [get]
[2016-08-10 19:57:07.213] [INFO] request - passport.def [get]
[2016-08-10 19:57:07.962] [INFO] request - passport.def [get]
[2016-08-10 19:57:08.876] [INFO] request - passport.def [get]
[2016-08-10 19:57:25.484] [INFO] request - passport.def [get]
[2016-08-10 19:57:28.197] [INFO] request - passport.def [get]
[2016-08-10 19:57:29.249] [INFO] request - passport.def [get]
[2016-08-10 19:57:29.908] [INFO] request - passport.def [get]
[2016-08-10 19:57:56.381] [INFO] request - passport.def [get]
[2016-08-10 19:58:29.633] [INFO] request - passport.def [get]
[2016-08-10 19:58:30.850] [INFO] request - passport.def [get]
[2016-08-10 19:58:34.169] [INFO] request - passport.def [get]
[2016-08-10 19:58:34.732] [INFO] request - passport.def [get]
[2016-08-10 19:59:17.853] [INFO] request - passport.def [get]
[2016-08-10 19:59:18.822] [INFO] request - passport.def [get]
[2016-08-10 19:59:20.461] [INFO] request - passport.def [get]
[2016-08-10 19:59:21.348] [INFO] request - passport.def [get]
[2016-08-10 19:59:21.685] [INFO] request - passport.def [get]
[2016-08-10 19:59:25.904] [INFO] request - passport.def [get]
[2016-08-10 19:59:31.888] [INFO] request - passport.def [get]
[2016-08-10 19:59:37.964] [INFO] request - passport.def [get]
[2016-08-10 19:59:39.036] [INFO] request - passport.def [get]
[2016-08-10 19:59:39.489] [INFO] request - passport.def [get]
[2016-08-10 20:00:09.373] [INFO] request - passport.def [get]
[2016-08-10 20:00:36.432] [INFO] request - passport.def [get]
[2016-08-10 20:00:38.114] [INFO] request - passport.def [get]
[2016-08-10 20:00:38.624] [INFO] request - passport.def [get]
[2016-08-10 20:00:38.835] [INFO] request - passport.def [get]
[2016-08-10 20:00:45.020] [INFO] request - passport.def [get]
[2016-08-10 20:00:45.483] [INFO] request - passport.def [get]
[2016-08-10 20:00:45.656] [INFO] request - passport.def [get]
[2016-08-10 20:00:57.155] [INFO] request - passport.def [get]
[2016-08-10 20:00:57.765] [INFO] request - passport.def [get]
[2016-08-10 20:01:39.455] [INFO] request - passport.def [get]
[2016-08-10 20:01:40.714] [INFO] request - passport.def [get]
[2016-08-10 20:01:41.356] [INFO] request - passport.def [get]
[2016-08-10 20:01:41.589] [INFO] request - passport.def [get]
[2016-08-10 20:01:42.693] [INFO] request - passport.def [get]
[2016-08-10 20:01:42.923] [INFO] request - passport.def [get]
[2016-08-10 20:01:44.024] [INFO] request - passport.def [get]
[2016-08-10 20:01:58.123] [INFO] request - passport.def [get]
[2016-08-10 20:03:02.851] [INFO] request - passport.def [get]
[2016-08-10 20:03:04.513] [INFO] request - passport.def [get]
[2016-08-10 20:03:47.443] [INFO] request - passport.def [get]
[2016-08-10 20:03:48.466] [INFO] request - passport.def [get]
[2016-08-10 20:05:23.266] [INFO] request - passport.def [get]
[2016-08-10 20:05:24.806] [INFO] request - passport.def [get]
[2016-08-10 20:05:25.436] [INFO] request - passport.def [get]
[2016-08-10 20:05:25.641] [INFO] request - passport.def [get]
[2016-08-10 20:05:25.840] [INFO] request - passport.def [get]
[2016-08-10 20:05:26.041] [INFO] request - passport.def [get]
[2016-08-10 20:05:26.258] [INFO] request - passport.def [get]
[2016-08-10 20:05:26.473] [INFO] request - passport.def [get]
[2016-08-10 20:05:27.026] [INFO] request - passport.def [get]
[2016-08-10 20:05:27.251] [INFO] request - passport.def [get]
[2016-08-10 20:05:27.489] [INFO] request - passport.def [get]
[2016-08-10 20:05:28.121] [INFO] request - passport.def [get]
[2016-08-10 20:05:28.356] [INFO] request - passport.def [get]
[2016-08-10 20:05:29.458] [INFO] request - passport.def [get]
[2016-08-10 20:05:30.038] [INFO] request - passport.def [get]
[2016-08-10 20:05:30.573] [INFO] request - passport.def [get]
[2016-08-10 20:05:30.798] [INFO] request - passport.def [get]
[2016-08-10 20:05:31.484] [INFO] request - passport.def [get]
[2016-08-10 20:05:31.701] [INFO] request - passport.def [get]
[2016-08-10 20:05:31.955] [INFO] request - passport.def [get]
[2016-08-10 20:05:32.672] [INFO] request - passport.def [get]
[2016-08-10 20:05:32.888] [INFO] request - passport.def [get]
[2016-08-10 20:05:34.672] [INFO] request - passport.def [get]
[2016-08-10 20:05:40.847] [INFO] request - passport.def [get]
[2016-08-10 20:05:41.506] [INFO] request - passport.def [get]
[2016-08-10 20:05:41.716] [INFO] request - passport.def [get]
[2016-08-10 20:06:12.523] [INFO] request - passport.def [get]
[2016-08-10 20:06:14.021] [INFO] request - passport.def [get]
[2016-08-10 20:06:14.576] [INFO] request - passport.def [get]
[2016-08-10 20:06:14.808] [INFO] request - passport.def [get]
[2016-08-10 20:06:39.493] [INFO] request - passport.def [get]
[2016-08-10 20:06:40.325] [INFO] request - passport.def [get]
[2016-08-10 20:06:40.524] [INFO] request - passport.def [get]
[2016-08-10 20:06:40.841] [INFO] request - passport.def [get]
[2016-08-10 20:06:41.037] [INFO] request - passport.def [get]
[2016-08-10 20:06:41.242] [INFO] request - passport.def [get]
[2016-08-10 20:07:16.402] [INFO] request - passport.def [get]
[2016-08-10 20:08:30.837] [INFO] request - passport.signup [get]
[2016-08-10 20:08:42.805] [INFO] request - passport.signin [get]
[2016-08-10 20:08:45.413] [INFO] request - passport.signin [get]
[2016-08-10 20:09:11.188] [INFO] request - passport.logout [get]
[2016-08-10 20:09:24.364] [INFO] request - passport.logout [get]
[2016-08-10 20:14:11.274] [INFO] request - passport.logout [get]
[2016-08-10 20:14:39.236] [INFO] request - passport.logout [get]
[2016-08-10 20:14:42.307] [INFO] request - passport.logout [get]
[2016-08-10 20:14:43.732] [INFO] request - passport.logout [get]
[2016-08-10 20:14:44.969] [INFO] request - passport.logout [get]
[2016-08-10 20:14:45.770] [INFO] request - passport.logout [get]
[2016-08-10 20:14:45.965] [INFO] request - passport.logout [get]
[2016-08-10 20:14:51.909] [INFO] request - passport.logout [get]
[2016-08-10 20:14:52.909] [INFO] request - passport.logout [get]
[2016-08-10 20:14:53.130] [INFO] request - passport.logout [get]
[2016-08-10 20:14:59.063] [INFO] request - passport.logout [get]
[2016-08-10 20:15:12.887] [INFO] request - passport.logout [get]
[2016-08-10 20:15:16.898] [INFO] request - passport.logout [get]
[2016-08-10 20:16:00.240] [INFO] request - passport.logout [get]
[2016-08-10 20:16:01.615] [INFO] request - passport.logout [get]
[2016-08-10 20:16:02.501] [INFO] request - passport.logout [get]
[2016-08-10 20:16:03.022] [INFO] request - passport.logout [get]
[2016-08-10 20:16:17.757] [INFO] request - passport.logout [get]
[2016-08-10 20:16:18.905] [INFO] request - passport.logout [get]
[2016-08-10 20:16:19.686] [INFO] request - passport.logout [get]
[2016-08-10 20:16:20.453] [INFO] request - passport.logout [get]
[2016-08-10 20:16:51.940] [INFO] request - passport.logout [get]
[2016-08-10 20:16:52.792] [INFO] request - passport.logout [get]
[2016-08-10 20:16:52.978] [INFO] request - passport.logout [get]
[2016-08-10 20:48:50.231] [INFO] request - passport.logout [get]
[2016-08-10 20:50:55.976] [INFO] request - passport.logout [get]
[2016-08-10 20:51:21.039] [INFO] request - passport.logout [get]
[2016-08-10 20:51:39.472] [INFO] request - passport.logout [get]
[2016-08-10 20:51:40.880] [INFO] request - passport.logout [get]
[2016-08-10 20:51:42.216] [INFO] request - passport.logout [get]
[2016-08-10 20:52:54.015] [INFO] request - passport.logout [get]
[2016-08-10 20:53:09.127] [INFO] request - passport.logout [get]
[2016-08-10 20:54:08.052] [INFO] request - passport.logout [get]
[2016-08-10 20:54:11.624] [INFO] request - passport.logout [get]
[2016-08-10 20:54:22.705] [INFO] request - passport.logout [get]
[2016-08-10 20:55:24.142] [INFO] request - passport.logout [get]
[2016-08-10 20:55:25.248] [INFO] request - passport.logout [get]
[2016-08-10 20:55:27.176] [INFO] request - passport.logout [get]
[2016-08-10 20:55:28.332] [INFO] request - passport.logout [get]
[2016-08-10 20:55:57.339] [INFO] request - passport.logout [get]
[2016-08-10 20:56:43.640] [INFO] request - passport.logout [get]
[2016-08-10 20:57:29.679] [INFO] request - passport.logout [get]
[2016-08-10 20:57:37.258] [INFO] request - passport.logout [get]
[2016-08-10 20:57:54.627] [INFO] request - passport.logout [get]
[2016-08-10 20:57:56.009] [INFO] request - passport.logout [get]
[2016-08-10 20:59:24.853] [INFO] request - passport.logout [get]
[2016-08-10 20:59:26.937] [INFO] request - passport.logout [get]
[2016-08-10 20:59:27.661] [INFO] request - passport.logout [get]
[2016-08-10 20:59:28.397] [INFO] request - passport.logout [get]
[2016-08-10 20:59:28.640] [INFO] request - passport.logout [get]
[2016-08-10 20:59:50.847] [INFO] request - passport.logout [get]
[2016-08-10 20:59:54.674] [INFO] request - passport.logout [get]
[2016-08-10 21:00:32.127] [INFO] request - passport.logout [get]
[2016-08-10 21:00:34.273] [INFO] request - passport.logout [get]
[2016-08-10 21:01:02.544] [INFO] request - passport.logout [get]
[2016-08-10 21:01:17.021] [INFO] request - passport.logout [get]
[2016-08-10 21:01:19.064] [INFO] request - passport.logout [get]
[2016-08-10 21:01:20.052] [INFO] request - passport.logout [get]
[2016-08-10 21:02:02.136] [INFO] request - passport.logout [get]
[2016-08-10 21:03:49.742] [INFO] request - passport.logout [get]
[2016-08-10 21:04:28.231] [INFO] request - passport.logout [get]
[2016-08-10 21:04:29.025] [INFO] request - passport.logout [get]
[2016-08-10 21:04:29.597] [INFO] request - passport.logout [get]
